[debug] [2022-10-20T13:08:59.300Z] ----------------------------------------------------------------------
[debug] [2022-10-20T13:08:59.301Z] Command:       /home/mgerasika/.nvm/versions/node/v16.17.0/bin/node /home/mgerasika/.nvm/versions/node/v16.17.0/bin/firebase serve --only functions,hosting
[debug] [2022-10-20T13:08:59.302Z] CLI Version:   11.13.0
[debug] [2022-10-20T13:08:59.302Z] Platform:      linux
[debug] [2022-10-20T13:08:59.302Z] Node Version:  v16.17.0
[debug] [2022-10-20T13:08:59.302Z] Time:          Thu Oct 20 2022 16:08:59 GMT+0300 (Eastern European Summer Time)
[debug] [2022-10-20T13:08:59.302Z] ----------------------------------------------------------------------
[debug] 
[debug] [2022-10-20T13:08:59.352Z] > command requires scopes: ["email","openid","https://www.googleapis.com/auth/cloudplatformprojects.readonly","https://www.googleapis.com/auth/firebase","https://www.googleapis.com/auth/cloud-platform"]
[debug] [2022-10-20T13:08:59.353Z] > authorizing via signed-in user (mgerasika@gmail.com)
[debug] [2022-10-20T13:08:59.353Z] [iam] checking project parus-smart-bot for permissions ["firebase.projects.get"]
[debug] [2022-10-20T13:08:59.354Z] >>> [apiv2][query] POST https://cloudresourcemanager.googleapis.com/v1/projects/parus-smart-bot:testIamPermissions [none]
[debug] [2022-10-20T13:08:59.354Z] >>> [apiv2][(partial)header] POST https://cloudresourcemanager.googleapis.com/v1/projects/parus-smart-bot:testIamPermissions x-goog-quota-user=projects/parus-smart-bot
[debug] [2022-10-20T13:08:59.355Z] >>> [apiv2][body] POST https://cloudresourcemanager.googleapis.com/v1/projects/parus-smart-bot:testIamPermissions {"permissions":["firebase.projects.get"]}
[debug] [2022-10-20T13:09:00.259Z] <<< [apiv2][status] POST https://cloudresourcemanager.googleapis.com/v1/projects/parus-smart-bot:testIamPermissions 200
[debug] [2022-10-20T13:09:00.260Z] <<< [apiv2][body] POST https://cloudresourcemanager.googleapis.com/v1/projects/parus-smart-bot:testIamPermissions {"permissions":["firebase.projects.get"]}
[debug] [2022-10-20T13:09:00.262Z] >>> [apiv2][query] GET https://firebase.googleapis.com/v1beta1/projects/parus-smart-bot [none]
[debug] [2022-10-20T13:09:00.632Z] <<< [apiv2][status] GET https://firebase.googleapis.com/v1beta1/projects/parus-smart-bot 200
[debug] [2022-10-20T13:09:00.632Z] <<< [apiv2][body] GET https://firebase.googleapis.com/v1beta1/projects/parus-smart-bot {"projectId":"parus-smart-bot","projectNumber":"196122553910","displayName":"parus-smart-bot","name":"projects/parus-smart-bot","resources":{"hostingSite":"parus-smart-bot"},"state":"ACTIVE","etag":"1_88a8dd10-b38c-4fca-b0f7-d6c0a8a4e620"}
[debug] [2022-10-20T13:09:00.634Z] >>> [apiv2][query] GET https://firebasehosting.googleapis.com/v1beta1/projects/parus-smart-bot/sites 
[info] ✔  functions: Using node@16 from host. {"metadata":{"emulator":{"name":"functions"},"message":"Using node@16 from host."}}
[debug] [2022-10-20T13:09:00.644Z] defaultcredentials: writing to file /home/mgerasika/.config/firebase/mgerasika_gmail_com_application_default_credentials.json
[debug] [2022-10-20T13:09:00.645Z] Setting GAC to /home/mgerasika/.config/firebase/mgerasika_gmail_com_application_default_credentials.json {"metadata":{"emulator":{"name":"functions"},"message":"Setting GAC to /home/mgerasika/.config/firebase/mgerasika_gmail_com_application_default_credentials.json"}}
[debug] [2022-10-20T13:09:00.646Z] >>> [apiv2][query] GET https://firebase.googleapis.com/v1beta1/projects/parus-smart-bot/adminSdkConfig [none]
[debug] [2022-10-20T13:09:00.963Z] <<< [apiv2][status] GET https://firebase.googleapis.com/v1beta1/projects/parus-smart-bot/adminSdkConfig 200
[debug] [2022-10-20T13:09:00.963Z] <<< [apiv2][body] GET https://firebase.googleapis.com/v1beta1/projects/parus-smart-bot/adminSdkConfig {"projectId":"parus-smart-bot","storageBucket":"parus-smart-bot.appspot.com"}
[debug] [2022-10-20T13:09:01.607Z] <<< [apiv2][status] GET https://firebasehosting.googleapis.com/v1beta1/projects/parus-smart-bot/sites 200
[debug] [2022-10-20T13:09:01.608Z] <<< [apiv2][body] GET https://firebasehosting.googleapis.com/v1beta1/projects/parus-smart-bot/sites {"sites":[{"name":"projects/parus-smart-bot/sites/parus-smart-bot","defaultUrl":"https://parus-smart-bot.web.app","type":"DEFAULT_SITE"}]}
[debug] [2022-10-20T13:09:01.609Z] >>> [apiv2][query] GET https://firebase.googleapis.com/v1beta1/projects/parus-smart-bot/webApps/-/config [none]
[debug] [2022-10-20T13:09:02.220Z] <<< [apiv2][status] GET https://firebase.googleapis.com/v1beta1/projects/parus-smart-bot/webApps/-/config 200
[debug] [2022-10-20T13:09:02.221Z] <<< [apiv2][body] GET https://firebase.googleapis.com/v1beta1/projects/parus-smart-bot/webApps/-/config {"projectId":"parus-smart-bot","storageBucket":"parus-smart-bot.appspot.com","apiKey":"AIzaSyBRSdyUHKOz5nhFX9d9EbmTS6GbgJydM1s","authDomain":"parus-smart-bot.firebaseapp.com","messagingSenderId":"196122553910"}
[info] i  functions: Watching "/home/mgerasika/Documents/git/parus-smart-bot/functions" for Cloud Functions... {"metadata":{"emulator":{"name":"functions"},"message":"Watching \"/home/mgerasika/Documents/git/parus-smart-bot/functions\" for Cloud Functions..."}}
[info] i  hosting: Serving hosting files from: dist {"metadata":{"emulator":{"name":"hosting"},"message":"Serving hosting files from: \u001b[1mdist\u001b[22m"}}
[info] ✔  hosting: Local server: http://localhost:5000 {"metadata":{"emulator":{"name":"hosting"},"message":"Local server: \u001b[4m\u001b[1mhttp://localhost:5000\u001b[22m\u001b[24m"}}
[debug] [2022-10-20T13:09:02.236Z] Validating nodejs source
[warn] ⚠  functions: package.json indicates an outdated version of firebase-functions. Please upgrade using npm install --save firebase-functions@latest in your functions directory. 
[warn] ⚠  functions: Please note that there will be breaking changes when you upgrade. 
[debug] [2022-10-20T13:09:03.556Z] > [functions] package.json contents: {
  "name": "functions",
  "description": "Cloud Functions for Firebase",
  "scripts": {
    "lint": "eslint .",
    "serve": "firebase emulators:start --only functions",
    "s": "firebase serve --only functions,hosting",
    "shell": "firebase functions:shell",
    "start": "npm run shell",
    "deploy": "firebase deploy --only functions",
    "logs": "firebase functions:log"
  },
  "engines": {
    "node": "16"
  },
  "main": "src/index.js",
  "dependencies": {
    "firebase-admin": "^10.0.2",
    "firebase-functions": "^3.18.0",
    "@google-cloud/local-auth": "2.1.0",
    "@types/express": "4",
    "axios": "^0.27.2",
    "body-parser": "^1.20.0",
    "dayjs": "^1.11.5",
    "dotenv": "^16.0.2",
    "express": "^4.18.1",
    "google-auth-library": "^8.5.2",
    "googleapis": "105.0.0",
    "heroku": "^7.63.4",
    "markdown-to-txt": "^2.0.1",
    "module-alias": "^2.2.2",
    "nodemon": "^2.0.20",
    "ts-node": "^10.9.1",
    "typescript": "^4.8.3",
    "viber-bot": "^1.0.18",
    "winston": "^2.0.0"
  },
  "devDependencies": {
    "firebase-functions-test": "^0.2.0"
  },
  "private": true
}
[debug] [2022-10-20T13:09:03.556Z] Building nodejs source
[debug] [2022-10-20T13:09:03.556Z] Analyzing nodejs backend spec
[debug] [2022-10-20T13:09:03.558Z] Could not find functions.yaml. Must use http discovery
[debug] [2022-10-20T13:09:03.719Z] Serving at port 9008

[debug] [2022-10-20T13:09:03.778Z] Got response from /__/functions.yaml {"endpoints":{"app":{"platform":"gcfv1","httpsTrigger":{},"entryPoint":"app"}},"specVersion":"v1alpha1","requiredAPIs":[]}
[debug] [2022-10-20T13:09:03.786Z] shutdown requested via /__/quitquitquit

[info] ✔  functions: Loaded functions definitions from source: app. {"metadata":{"emulator":{"name":"functions"},"message":"Loaded functions definitions from source: app."}}
[info] ✔  functions[us-central1-app]: http function initialized (http://localhost:5001/parus-smart-bot/us-central1/app). {"metadata":{"emulator":{"name":"functions"},"message":"\u001b[1mhttp\u001b[22m function initialized (http://localhost:5001/parus-smart-bot/us-central1/app)."}}
